  [1m[35m (479.6ms)[0m  [1m[35mCREATE DATABASE "app_praise_me_api2_development" ENCODING = 'unicode'[0m
  [1m[35m (410.5ms)[0m  [1m[35mCREATE DATABASE "app_praise_me_api2_test" ENCODING = 'unicode'[0m
  [1m[35m (17.2ms)[0m  [1m[35mCREATE TABLE "schema_migrations" ("version" character varying NOT NULL PRIMARY KEY)[0m
  [1m[35m (6.2ms)[0m  [1m[35mCREATE TABLE "ar_internal_metadata" ("key" character varying NOT NULL PRIMARY KEY, "value" character varying, "created_at" timestamp(6) NOT NULL, "updated_at" timestamp(6) NOT NULL)[0m
  [1m[35m (4.9ms)[0m  [1m[34mSELECT pg_try_advisory_lock(7701741082008770580)[0m
  [1m[35m (0.9ms)[0m  [1m[34mSELECT "schema_migrations"."version" FROM "schema_migrations" ORDER BY "schema_migrations"."version" ASC[0m
Migrating to CreateEmployees (20191015231117)
  [1m[35m (0.1ms)[0m  [1m[35mBEGIN[0m
  [1m[35m (9.6ms)[0m  [1m[35mCREATE TABLE "employees" ("id" bigserial primary key, "name" character varying, "position" character varying, "hire_date" date)[0m
  [1m[36mprimary::SchemaMigration Create (0.5ms)[0m  [1m[32mINSERT INTO "schema_migrations" ("version") VALUES ($1) RETURNING "version"[0m  [["version", "20191015231117"]]
  [1m[35m (0.4ms)[0m  [1m[35mCOMMIT[0m
  [1m[36mActiveRecord::InternalMetadata Load (0.5ms)[0m  [1m[34mSELECT "ar_internal_metadata".* FROM "ar_internal_metadata" WHERE "ar_internal_metadata"."key" = $1 LIMIT $2[0m  [["key", "environment"], ["LIMIT", 1]]
  [1m[35m (0.5ms)[0m  [1m[35mBEGIN[0m
  [1m[36mActiveRecord::InternalMetadata Create (4.3ms)[0m  [1m[32mINSERT INTO "ar_internal_metadata" ("key", "value", "created_at", "updated_at") VALUES ($1, $2, $3, $4) RETURNING "key"[0m  [["key", "environment"], ["value", "development"], ["created_at", "2019-10-15 23:15:59.437518"], ["updated_at", "2019-10-15 23:15:59.437518"]]
  [1m[35m (0.2ms)[0m  [1m[35mCOMMIT[0m
  [1m[35m (0.2ms)[0m  [1m[34mSELECT pg_advisory_unlock(7701741082008770580)[0m
  [1m[35m (0.8ms)[0m  [1m[34mSELECT "schema_migrations"."version" FROM "schema_migrations" ORDER BY "schema_migrations"."version" ASC[0m
  [1m[35m (0.2ms)[0m  [1m[34mSELECT pg_try_advisory_lock(7701741082008770580)[0m
  [1m[35m (0.5ms)[0m  [1m[34mSELECT "schema_migrations"."version" FROM "schema_migrations" ORDER BY "schema_migrations"."version" ASC[0m
Migrating to CreateAppraisals (20191015232035)
  [1m[35m (0.2ms)[0m  [1m[35mBEGIN[0m
  [1m[35m (8.9ms)[0m  [1m[35mCREATE TABLE "appraisals" ("id" bigserial primary key, "period_start_date" date, "period_end_date" date, "leadership_score" integer, "leadership_description" character varying, "people_development_score" integer, "people_development_description" character varying, "planning_score" integer, "planning_description" character varying, "communication_score" integer, "communication_description" character varying, "productivity_score" integer, "productivity_description" character varying, "knowledge_score" integer, "knowledge_description" character varying, "adaptability_score" integer, "adaptability_description" character varying, "initiative_score" integer, "inititative_description" character varying, "judgement_score" integer, "judgement_description" character varying, "interpersonal_relations_score" integer, "interpersonal_relations_description" character varying)[0m
  [1m[36mprimary::SchemaMigration Create (0.4ms)[0m  [1m[32mINSERT INTO "schema_migrations" ("version") VALUES ($1) RETURNING "version"[0m  [["version", "20191015232035"]]
  [1m[35m (1.0ms)[0m  [1m[35mCOMMIT[0m
  [1m[36mActiveRecord::InternalMetadata Load (3.8ms)[0m  [1m[34mSELECT "ar_internal_metadata".* FROM "ar_internal_metadata" WHERE "ar_internal_metadata"."key" = $1 LIMIT $2[0m  [["key", "environment"], ["LIMIT", 1]]
  [1m[35m (0.2ms)[0m  [1m[34mSELECT pg_advisory_unlock(7701741082008770580)[0m
  [1m[35m (0.5ms)[0m  [1m[34mSELECT "schema_migrations"."version" FROM "schema_migrations" ORDER BY "schema_migrations"."version" ASC[0m
Started GET "/employees" for ::1 at 2019-10-15 18:35:43 -0500
  [1m[35m (1.1ms)[0m  [1m[34mSELECT "schema_migrations"."version" FROM "schema_migrations" ORDER BY "schema_migrations"."version" ASC[0m
Processing by EmployeesController#index as */*
  [1m[36mEmployee Load (3.7ms)[0m  [1m[34mSELECT "employees".* FROM "employees"[0m
  ↳ app/controllers/employees_controller.rb:4:in `index'
Completed 200 OK in 10ms (Views: 1.8ms | ActiveRecord: 5.3ms | Allocations: 1619)


Started GET "/employees" for ::1 at 2019-10-15 18:38:46 -0500
  [1m[35m (0.5ms)[0m  [1m[34mSELECT "schema_migrations"."version" FROM "schema_migrations" ORDER BY "schema_migrations"."version" ASC[0m
Processing by EmployeesController#index as */*
  [1m[36mEmployee Load (0.7ms)[0m  [1m[34mSELECT "employees".* FROM "employees"[0m
  ↳ app/controllers/employees_controller.rb:4:in `index'
Completed 200 OK in 6ms (Views: 2.0ms | ActiveRecord: 2.3ms | Allocations: 1575)


Started POST "/employees" for ::1 at 2019-10-15 18:39:12 -0500
Processing by EmployeesController#create as */*
  Parameters: {"name"=>"Maysam Taherian", "postion"=>"", "hire_date"=>"2017-03-13", "manager_id"=>1, "position"=>"Compliance Manager", "employee"=>{"name"=>"Maysam Taherian", "position"=>"Compliance Manager", "hire_date"=>"2017-03-13"}}
  [1m[35m (0.1ms)[0m  [1m[35mBEGIN[0m
  ↳ app/controllers/employees_controller.rb:12:in `create'
  [1m[36mEmployee Create (6.8ms)[0m  [1m[32mINSERT INTO "employees" ("name", "position", "hire_date") VALUES ($1, $2, $3) RETURNING "id"[0m  [["name", "Maysam Taherian"], ["position", "Compliance Manager"], ["hire_date", "2017-03-13"]]
  ↳ app/controllers/employees_controller.rb:12:in `create'
  [1m[35m (0.8ms)[0m  [1m[35mCOMMIT[0m
  ↳ app/controllers/employees_controller.rb:12:in `create'
Completed 201 Created in 18ms (Views: 0.3ms | ActiveRecord: 11.0ms | Allocations: 4751)


Started GET "/appraisals" for ::1 at 2019-10-15 18:39:15 -0500
Processing by AppraisalsController#index as */*
  [1m[36mAppraisal Load (22.0ms)[0m  [1m[34mSELECT "appraisals".* FROM "appraisals"[0m
  ↳ app/controllers/appraisals_controller.rb:4:in `index'
Completed 200 OK in 29ms (Views: 2.3ms | ActiveRecord: 23.7ms | Allocations: 2238)


Started POST "/appraisals" for ::1 at 2019-10-15 18:41:18 -0500
Processing by AppraisalsController#create as */*
  Parameters: {"employee_id"=>32, "period_start_date"=>"2018-03-13", "period_end_date"=>"2019-03-12", "leadership_score"=>"5", "leadership_description"=>"Lorem Ipsum is simply dummy text of the printing and typesetting industry. Lorem Ipsum has been the industry's standard dummy text ever since the 1500s, when an unknown printer took a galley of type and scrambled it to make a type specimen book. It has survived not only five centuries, but also the leap into electronic typesetting, remaining essentially unchanged. It was popularised in the 1960s with the release of Letraset sheets containing Lorem Ipsum passages, and more recently with desktop publishing software like Aldus PageMaker including versions of Lorem Ipsum.", "people_development_score"=>"5", "people_development_description"=>"Lorem Ipsum is simply dummy text of the printing and typesetting industry. Lorem Ipsum has been the industry's standard dummy text ever since the 1500s, when an unknown printer took a galley of type and scrambled it to make a type specimen book. It has survived not only five centuries, but also the leap into electronic typesetting, remaining essentially unchanged. It was popularised in the 1960s with the release of Letraset sheets containing Lorem Ipsum passages, and more recently with desktop publishing software like Aldus PageMaker including versions of Lorem Ipsum.", "planning_score"=>"4", "planning_description"=>"Lorem Ipsum is simply dummy text of the printing and typesetting industry. Lorem Ipsum has been the industry's standard dummy text ever since the 1500s, when an unknown printer took a galley of type and scrambled it to make a type specimen book. It has survived not only five centuries, but also the leap into electronic typesetting, remaining essentially unchanged. It was popularised in the 1960s with the release of Letraset sheets containing Lorem Ipsum passages, and more recently with desktop publishing software like Aldus PageMaker including versions of Lorem Ipsum.", "communication_score"=>"4", "communication_description"=>"Lorem Ipsum is simply dummy text of the printing and typesetting industry. Lorem Ipsum has been the industry's standard dummy text ever since the 1500s, when an unknown printer took a galley of type and scrambled it to make a type specimen book. It has survived not only five centuries, but also the leap into electronic typesetting, remaining essentially unchanged. It was popularised in the 1960s with the release of Letraset sheets containing Lorem Ipsum passages, and more recently with desktop publishing software like Aldus PageMaker including versions of Lorem Ipsum.", "productivity_score"=>"2", "productivity_description"=>"Lorem Ipsum is simply dummy text of the printing and typesetting industry. Lorem Ipsum has been the industry's standard dummy text ever since the 1500s, when an unknown printer took a galley of type and scrambled it to make a type specimen book. It has survived not only five centuries, but also the leap into electronic typesetting, remaining essentially unchanged. It was popularised in the 1960s with the release of Letraset sheets containing Lorem Ipsum passages, and more recently with desktop publishing software like Aldus PageMaker including versions of Lorem Ipsum.", "knowledge_score"=>"2", "knowledge_description"=>"Lorem Ipsum is simply dummy text of the printing and typesetting industry. Lorem Ipsum has been the industry's standard dummy text ever since the 1500s, when an unknown printer took a galley of type and scrambled it to make a type specimen book. It has survived not only five centuries, but also the leap into electronic typesetting, remaining essentially unchanged. It was popularised in the 1960s with the release of Letraset sheets containing Lorem Ipsum passages, and more recently with desktop publishing software like Aldus PageMaker including versions of Lorem Ipsum.", "adaptability_score"=>"3", "adaptability_description"=>"Lorem Ipsum is simply dummy text of the printing and typesetting industry. Lorem Ipsum has been the industry's standard dummy text ever since the 1500s, when an unknown printer took a galley of type and scrambled it to make a type specimen book. It has survived not only five centuries, but also the leap into electronic typesetting, remaining essentially unchanged. It was popularised in the 1960s with the release of Letraset sheets containing Lorem Ipsum passages, and more recently with desktop publishing software like Aldus PageMaker including versions of Lorem Ipsum.", "initiative_score"=>"4", "inititative_description"=>"Lorem Ipsum is simply dummy text of the printing and typesetting industry. Lorem Ipsum has been the industry's standard dummy text ever since the 1500s, when an unknown printer took a galley of type and scrambled it to make a type specimen book. It has survived not only five centuries, but also the leap into electronic typesetting, remaining essentially unchanged. It was popularised in the 1960s with the release of Letraset sheets containing Lorem Ipsum passages, and more recently with desktop publishing software like Aldus PageMaker including versions of Lorem Ipsum.", "judgement_score"=>"3", "judgement_description"=>"Lorem Ipsum is simply dummy text of the printing and typesetting industry. Lorem Ipsum has been the industry's standard dummy text ever since the 1500s, when an unknown printer took a galley of type and scrambled it to make a type specimen book. It has survived not only five centuries, but also the leap into electronic typesetting, remaining essentially unchanged. It was popularised in the 1960s with the release of Letraset sheets containing Lorem Ipsum passages, and more recently with desktop publishing software like Aldus PageMaker including versions of Lorem Ipsum.", "interpersonal_relations_score"=>"4", "interpersonal_relations_description"=>"Lorem Ipsum is simply dummy text of the printing and typesetting industry. Lorem Ipsum has been the industry's standard dummy text ever since the 1500s, when an unknown printer took a galley of type and scrambled it to make a type specimen book. It has survived not only five centuries, but also the leap into electronic typesetting, remaining essentially unchanged. It was popularised in the 1960s with the release of Letraset sheets containing Lorem Ipsum passages, and more recently with desktop publishing software like Aldus PageMaker including versions of Lorem Ipsum.", "appraisal"=>{"period_start_date"=>"2018-03-13", "period_end_date"=>"2019-03-12", "leadership_score"=>"5", "leadership_description"=>"Lorem Ipsum is simply dummy text of the printing and typesetting industry. Lorem Ipsum has been the industry's standard dummy text ever since the 1500s, when an unknown printer took a galley of type and scrambled it to make a type specimen book. It has survived not only five centuries, but also the leap into electronic typesetting, remaining essentially unchanged. It was popularised in the 1960s with the release of Letraset sheets containing Lorem Ipsum passages, and more recently with desktop publishing software like Aldus PageMaker including versions of Lorem Ipsum.", "people_development_score"=>"5", "people_development_description"=>"Lorem Ipsum is simply dummy text of the printing and typesetting industry. Lorem Ipsum has been the industry's standard dummy text ever since the 1500s, when an unknown printer took a galley of type and scrambled it to make a type specimen book. It has survived not only five centuries, but also the leap into electronic typesetting, remaining essentially unchanged. It was popularised in the 1960s with the release of Letraset sheets containing Lorem Ipsum passages, and more recently with desktop publishing software like Aldus PageMaker including versions of Lorem Ipsum.", "planning_score"=>"4", "planning_description"=>"Lorem Ipsum is simply dummy text of the printing and typesetting industry. Lorem Ipsum has been the industry's standard dummy text ever since the 1500s, when an unknown printer took a galley of type and scrambled it to make a type specimen book. It has survived not only five centuries, but also the leap into electronic typesetting, remaining essentially unchanged. It was popularised in the 1960s with the release of Letraset sheets containing Lorem Ipsum passages, and more recently with desktop publishing software like Aldus PageMaker including versions of Lorem Ipsum.", "communication_score"=>"4", "communication_description"=>"Lorem Ipsum is simply dummy text of the printing and typesetting industry. Lorem Ipsum has been the industry's standard dummy text ever since the 1500s, when an unknown printer took a galley of type and scrambled it to make a type specimen book. It has survived not only five centuries, but also the leap into electronic typesetting, remaining essentially unchanged. It was popularised in the 1960s with the release of Letraset sheets containing Lorem Ipsum passages, and more recently with desktop publishing software like Aldus PageMaker including versions of Lorem Ipsum.", "productivity_score"=>"2", "productivity_description"=>"Lorem Ipsum is simply dummy text of the printing and typesetting industry. Lorem Ipsum has been the industry's standard dummy text ever since the 1500s, when an unknown printer took a galley of type and scrambled it to make a type specimen book. It has survived not only five centuries, but also the leap into electronic typesetting, remaining essentially unchanged. It was popularised in the 1960s with the release of Letraset sheets containing Lorem Ipsum passages, and more recently with desktop publishing software like Aldus PageMaker including versions of Lorem Ipsum.", "knowledge_score"=>"2", "knowledge_description"=>"Lorem Ipsum is simply dummy text of the printing and typesetting industry. Lorem Ipsum has been the industry's standard dummy text ever since the 1500s, when an unknown printer took a galley of type and scrambled it to make a type specimen book. It has survived not only five centuries, but also the leap into electronic typesetting, remaining essentially unchanged. It was popularised in the 1960s with the release of Letraset sheets containing Lorem Ipsum passages, and more recently with desktop publishing software like Aldus PageMaker including versions of Lorem Ipsum.", "adaptability_score"=>"3", "adaptability_description"=>"Lorem Ipsum is simply dummy text of the printing and typesetting industry. Lorem Ipsum has been the industry's standard dummy text ever since the 1500s, when an unknown printer took a galley of type and scrambled it to make a type specimen book. It has survived not only five centuries, but also the leap into electronic typesetting, remaining essentially unchanged. It was popularised in the 1960s with the release of Letraset sheets containing Lorem Ipsum passages, and more recently with desktop publishing software like Aldus PageMaker including versions of Lorem Ipsum.", "initiative_score"=>"4", "inititative_description"=>"Lorem Ipsum is simply dummy text of the printing and typesetting industry. Lorem Ipsum has been the industry's standard dummy text ever since the 1500s, when an unknown printer took a galley of type and scrambled it to make a type specimen book. It has survived not only five centuries, but also the leap into electronic typesetting, remaining essentially unchanged. It was popularised in the 1960s with the release of Letraset sheets containing Lorem Ipsum passages, and more recently with desktop publishing software like Aldus PageMaker including versions of Lorem Ipsum.", "judgement_score"=>"3", "judgement_description"=>"Lorem Ipsum is simply dummy text of the printing and typesetting industry. Lorem Ipsum has been the industry's standard dummy text ever since the 1500s, when an unknown printer took a galley of type and scrambled it to make a type specimen book. It has survived not only five centuries, but also the leap into electronic typesetting, remaining essentially unchanged. It was popularised in the 1960s with the release of Letraset sheets containing Lorem Ipsum passages, and more recently with desktop publishing software like Aldus PageMaker including versions of Lorem Ipsum.", "interpersonal_relations_score"=>"4", "interpersonal_relations_description"=>"Lorem Ipsum is simply dummy text of the printing and typesetting industry. Lorem Ipsum has been the industry's standard dummy text ever since the 1500s, when an unknown printer took a galley of type and scrambled it to make a type specimen book. It has survived not only five centuries, but also the leap into electronic typesetting, remaining essentially unchanged. It was popularised in the 1960s with the release of Letraset sheets containing Lorem Ipsum passages, and more recently with desktop publishing software like Aldus PageMaker including versions of Lorem Ipsum."}}
  [1m[35m (0.1ms)[0m  [1m[35mBEGIN[0m
  ↳ app/controllers/appraisals_controller.rb:14:in `create'
  [1m[36mAppraisal Create (6.0ms)[0m  [1m[32mINSERT INTO "appraisals" ("period_start_date", "period_end_date", "leadership_score", "leadership_description", "people_development_score", "people_development_description", "planning_score", "planning_description", "communication_score", "communication_description", "productivity_score", "productivity_description", "knowledge_score", "knowledge_description", "adaptability_score", "adaptability_description", "initiative_score", "inititative_description", "judgement_score", "judgement_description", "interpersonal_relations_score", "interpersonal_relations_description") VALUES ($1, $2, $3, $4, $5, $6, $7, $8, $9, $10, $11, $12, $13, $14, $15, $16, $17, $18, $19, $20, $21, $22) RETURNING "id"[0m  [["period_start_date", "2018-03-13"], ["period_end_date", "2019-03-12"], ["leadership_score", 5], ["leadership_description", "Lorem Ipsum is simply dummy text of the printing and typesetting industry. Lorem Ipsum has been the industry's standard dummy text ever since the 1500s, when an unknown printer took a galley of type and scrambled it to make a type specimen book. It has survived not only five centuries, but also the leap into electronic typesetting, remaining essentially unchanged. It was popularised in the 1960s with the release of Letraset sheets containing Lorem Ipsum passages, and more recently with desktop publishing software like Aldus PageMaker including versions of Lorem Ipsum."], ["people_development_score", 5], ["people_development_description", "Lorem Ipsum is simply dummy text of the printing and typesetting industry. Lorem Ipsum has been the industry's standard dummy text ever since the 1500s, when an unknown printer took a galley of type and scrambled it to make a type specimen book. It has survived not only five centuries, but also the leap into electronic typesetting, remaining essentially unchanged. It was popularised in the 1960s with the release of Letraset sheets containing Lorem Ipsum passages, and more recently with desktop publishing software like Aldus PageMaker including versions of Lorem Ipsum."], ["planning_score", 4], ["planning_description", "Lorem Ipsum is simply dummy text of the printing and typesetting industry. Lorem Ipsum has been the industry's standard dummy text ever since the 1500s, when an unknown printer took a galley of type and scrambled it to make a type specimen book. It has survived not only five centuries, but also the leap into electronic typesetting, remaining essentially unchanged. It was popularised in the 1960s with the release of Letraset sheets containing Lorem Ipsum passages, and more recently with desktop publishing software like Aldus PageMaker including versions of Lorem Ipsum."], ["communication_score", 4], ["communication_description", "Lorem Ipsum is simply dummy text of the printing and typesetting industry. Lorem Ipsum has been the industry's standard dummy text ever since the 1500s, when an unknown printer took a galley of type and scrambled it to make a type specimen book. It has survived not only five centuries, but also the leap into electronic typesetting, remaining essentially unchanged. It was popularised in the 1960s with the release of Letraset sheets containing Lorem Ipsum passages, and more recently with desktop publishing software like Aldus PageMaker including versions of Lorem Ipsum."], ["productivity_score", 2], ["productivity_description", "Lorem Ipsum is simply dummy text of the printing and typesetting industry. Lorem Ipsum has been the industry's standard dummy text ever since the 1500s, when an unknown printer took a galley of type and scrambled it to make a type specimen book. It has survived not only five centuries, but also the leap into electronic typesetting, remaining essentially unchanged. It was popularised in the 1960s with the release of Letraset sheets containing Lorem Ipsum passages, and more recently with desktop publishing software like Aldus PageMaker including versions of Lorem Ipsum."], ["knowledge_score", 2], ["knowledge_description", "Lorem Ipsum is simply dummy text of the printing and typesetting industry. Lorem Ipsum has been the industry's standard dummy text ever since the 1500s, when an unknown printer took a galley of type and scrambled it to make a type specimen book. It has survived not only five centuries, but also the leap into electronic typesetting, remaining essentially unchanged. It was popularised in the 1960s with the release of Letraset sheets containing Lorem Ipsum passages, and more recently with desktop publishing software like Aldus PageMaker including versions of Lorem Ipsum."], ["adaptability_score", 3], ["adaptability_description", "Lorem Ipsum is simply dummy text of the printing and typesetting industry. Lorem Ipsum has been the industry's standard dummy text ever since the 1500s, when an unknown printer took a galley of type and scrambled it to make a type specimen book. It has survived not only five centuries, but also the leap into electronic typesetting, remaining essentially unchanged. It was popularised in the 1960s with the release of Letraset sheets containing Lorem Ipsum passages, and more recently with desktop publishing software like Aldus PageMaker including versions of Lorem Ipsum."], ["initiative_score", 4], ["inititative_description", "Lorem Ipsum is simply dummy text of the printing and typesetting industry. Lorem Ipsum has been the industry's standard dummy text ever since the 1500s, when an unknown printer took a galley of type and scrambled it to make a type specimen book. It has survived not only five centuries, but also the leap into electronic typesetting, remaining essentially unchanged. It was popularised in the 1960s with the release of Letraset sheets containing Lorem Ipsum passages, and more recently with desktop publishing software like Aldus PageMaker including versions of Lorem Ipsum."], ["judgement_score", 3], ["judgement_description", "Lorem Ipsum is simply dummy text of the printing and typesetting industry. Lorem Ipsum has been the industry's standard dummy text ever since the 1500s, when an unknown printer took a galley of type and scrambled it to make a type specimen book. It has survived not only five centuries, but also the leap into electronic typesetting, remaining essentially unchanged. It was popularised in the 1960s with the release of Letraset sheets containing Lorem Ipsum passages, and more recently with desktop publishing software like Aldus PageMaker including versions of Lorem Ipsum."], ["interpersonal_relations_score", 4], ["interpersonal_relations_description", "Lorem Ipsum is simply dummy text of the printing and typesetting industry. Lorem Ipsum has been the industry's standard dummy text ever since the 1500s, when an unknown printer took a galley of type and scrambled it to make a type specimen book. It has survived not only five centuries, but also the leap into electronic typesetting, remaining essentially unchanged. It was popularised in the 1960s with the release of Letraset sheets containing Lorem Ipsum passages, and more recently with desktop publishing software like Aldus PageMaker including versions of Lorem Ipsum."]]
  ↳ app/controllers/appraisals_controller.rb:14:in `create'
  [1m[35m (31.8ms)[0m  [1m[35mCOMMIT[0m
  ↳ app/controllers/appraisals_controller.rb:14:in `create'
Completed 201 Created in 78ms (Views: 0.6ms | ActiveRecord: 40.1ms | Allocations: 16641)


Started GET "/employees" for ::1 at 2019-10-15 18:41:26 -0500
Processing by EmployeesController#index as */*
  [1m[36mEmployee Load (4.7ms)[0m  [1m[34mSELECT "employees".* FROM "employees"[0m
  ↳ app/controllers/employees_controller.rb:4:in `index'
Completed 200 OK in 7ms (Views: 1.9ms | ActiveRecord: 4.7ms | Allocations: 939)


Started GET "/appraisals" for ::1 at 2019-10-15 18:41:29 -0500
Processing by AppraisalsController#index as */*
  [1m[36mAppraisal Load (1.0ms)[0m  [1m[34mSELECT "appraisals".* FROM "appraisals"[0m
  ↳ app/controllers/appraisals_controller.rb:4:in `index'
Completed 200 OK in 4ms (Views: 2.3ms | ActiveRecord: 1.0ms | Allocations: 1229)


Started GET "/employees" for ::1 at 2019-10-15 18:42:04 -0500
Processing by EmployeesController#index as */*
  [1m[36mEmployee Load (0.5ms)[0m  [1m[34mSELECT "employees".* FROM "employees"[0m
  ↳ app/controllers/employees_controller.rb:4:in `index'
Completed 200 OK in 2ms (Views: 1.5ms | ActiveRecord: 0.5ms | Allocations: 944)


Started GET "/appraisals" for ::1 at 2019-10-15 18:42:14 -0500
Processing by AppraisalsController#index as */*
  [1m[36mAppraisal Load (0.7ms)[0m  [1m[34mSELECT "appraisals".* FROM "appraisals"[0m
  ↳ app/controllers/appraisals_controller.rb:4:in `index'
Completed 200 OK in 3ms (Views: 2.0ms | ActiveRecord: 0.7ms | Allocations: 1220)


Started PUT "/employees/1" for ::1 at 2019-10-15 18:42:21 -0500
Processing by EmployeesController#update as */*
  Parameters: {"name"=>"Mase Taherian", "position"=>"Compliance Manager", "hire_date"=>"2017-03-13", "id"=>"1", "modal"=>true, "employee"=>{"id"=>"1", "name"=>"Mase Taherian", "position"=>"Compliance Manager", "hire_date"=>"2017-03-13"}}
  [1m[36mEmployee Load (0.5ms)[0m  [1m[34mSELECT "employees".* FROM "employees" WHERE "employees"."id" = $1 LIMIT $2[0m  [["id", 1], ["LIMIT", 1]]
  ↳ app/controllers/employees_controller.rb:19:in `update'
[31mUnpermitted parameter: :id[0m
  [1m[35m (0.1ms)[0m  [1m[35mBEGIN[0m
  ↳ app/controllers/employees_controller.rb:20:in `update'
  [1m[36mEmployee Update (4.7ms)[0m  [1m[33mUPDATE "employees" SET "name" = $1 WHERE "employees"."id" = $2[0m  [["name", "Mase Taherian"], ["id", 1]]
  ↳ app/controllers/employees_controller.rb:20:in `update'
  [1m[35m (0.2ms)[0m  [1m[35mCOMMIT[0m
  ↳ app/controllers/employees_controller.rb:20:in `update'
Completed 200 OK in 30ms (Views: 0.2ms | ActiveRecord: 6.2ms | Allocations: 4471)


Started DELETE "/employees/1" for ::1 at 2019-10-15 18:42:28 -0500
Processing by EmployeesController#destroy as */*
  Parameters: {"id"=>"1", "employee"=>{}}
  [1m[36mEmployee Load (0.3ms)[0m  [1m[34mSELECT "employees".* FROM "employees" WHERE "employees"."id" = $1 LIMIT $2[0m  [["id", 1], ["LIMIT", 1]]
  ↳ app/controllers/employees_controller.rb:24:in `destroy'
  [1m[35m (0.1ms)[0m  [1m[35mBEGIN[0m
  ↳ app/controllers/employees_controller.rb:24:in `destroy'
  [1m[36mEmployee Destroy (0.2ms)[0m  [1m[31mDELETE FROM "employees" WHERE "employees"."id" = $1[0m  [["id", 1]]
  ↳ app/controllers/employees_controller.rb:24:in `destroy'
  [1m[35m (3.6ms)[0m  [1m[35mCOMMIT[0m
  ↳ app/controllers/employees_controller.rb:24:in `destroy'
Completed 204 No Content in 7ms (Views: 0.1ms | ActiveRecord: 4.2ms | Allocations: 2262)


Started GET "/employees" for ::1 at 2019-10-15 18:42:34 -0500
Processing by EmployeesController#index as */*
  [1m[36mEmployee Load (0.3ms)[0m  [1m[34mSELECT "employees".* FROM "employees"[0m
  ↳ app/controllers/employees_controller.rb:4:in `index'
Completed 200 OK in 1ms (Views: 1.0ms | ActiveRecord: 0.3ms | Allocations: 833)


Started GET "/employees" for ::1 at 2019-10-15 18:43:06 -0500
Processing by EmployeesController#index as */*
  [1m[36mEmployee Load (0.3ms)[0m  [1m[34mSELECT "employees".* FROM "employees"[0m
  ↳ app/controllers/employees_controller.rb:4:in `index'
Completed 200 OK in 2ms (Views: 1.4ms | ActiveRecord: 0.3ms | Allocations: 833)


Started POST "/employees" for ::1 at 2019-10-15 18:44:36 -0500
Processing by EmployeesController#create as */*
  Parameters: {"name"=>"Fredrick VonVicksburg", "postion"=>"", "hire_date"=>"1548-08-15", "manager_id"=>1, "position"=>"Medieval Knight", "employee"=>{"name"=>"Fredrick VonVicksburg", "position"=>"Medieval Knight", "hire_date"=>"1548-08-15"}}
  [1m[35m (0.2ms)[0m  [1m[35mBEGIN[0m
  ↳ app/controllers/employees_controller.rb:12:in `create'
  [1m[36mEmployee Create (0.6ms)[0m  [1m[32mINSERT INTO "employees" ("name", "position", "hire_date") VALUES ($1, $2, $3) RETURNING "id"[0m  [["name", "Fredrick VonVicksburg"], ["position", "Medieval Knight"], ["hire_date", "1548-08-15"]]
  ↳ app/controllers/employees_controller.rb:12:in `create'
  [1m[35m (1.2ms)[0m  [1m[35mCOMMIT[0m
  ↳ app/controllers/employees_controller.rb:12:in `create'
Completed 201 Created in 6ms (Views: 0.3ms | ActiveRecord: 1.9ms | Allocations: 2217)


Started GET "/appraisals" for ::1 at 2019-10-15 18:44:55 -0500
Processing by AppraisalsController#index as */*
  [1m[36mAppraisal Load (0.3ms)[0m  [1m[34mSELECT "appraisals".* FROM "appraisals"[0m
  ↳ app/controllers/appraisals_controller.rb:4:in `index'
Completed 200 OK in 2ms (Views: 1.5ms | ActiveRecord: 0.3ms | Allocations: 1218)


Started PUT "/employees/2" for ::1 at 2019-10-15 18:45:04 -0500
Processing by EmployeesController#update as */*
  Parameters: {"name"=>"Fredrick Von Vicksburg", "position"=>"Medieval Knight", "hire_date"=>"1548-08-15", "id"=>"2", "modal"=>true, "employee"=>{"id"=>"2", "name"=>"Fredrick Von Vicksburg", "position"=>"Medieval Knight", "hire_date"=>"1548-08-15"}}
  [1m[36mEmployee Load (0.4ms)[0m  [1m[34mSELECT "employees".* FROM "employees" WHERE "employees"."id" = $1 LIMIT $2[0m  [["id", 2], ["LIMIT", 1]]
  ↳ app/controllers/employees_controller.rb:19:in `update'
[31mUnpermitted parameter: :id[0m
  [1m[35m (0.2ms)[0m  [1m[35mBEGIN[0m
  ↳ app/controllers/employees_controller.rb:20:in `update'
  [1m[36mEmployee Update (0.3ms)[0m  [1m[33mUPDATE "employees" SET "name" = $1 WHERE "employees"."id" = $2[0m  [["name", "Fredrick Von Vicksburg"], ["id", 2]]
  ↳ app/controllers/employees_controller.rb:20:in `update'
  [1m[35m (6.2ms)[0m  [1m[35mCOMMIT[0m
  ↳ app/controllers/employees_controller.rb:20:in `update'
Completed 200 OK in 12ms (Views: 0.3ms | ActiveRecord: 7.0ms | Allocations: 2820)


